stable v2020.2.x 01_vel-key 01_vel-key 
stable v2020.2.x 01_vel 01_vel
stable v2020.2.x 02_met-key 02_met-key 
stable v2020.2.x 02_met 02_met
stable v2020.2.x 03_rat-key 03_rat-key 
stable v2020.2.x 03_rat 03_rat
stable v2020.2.x 04_hld-key 04_hld-key 
stable v2020.2.x 04_hld 04_hld
stable v2020.2.x 05_mon-key 05_mon-key 
stable v2020.2.x 05_mon 05_mon
stable v2020.2.x 06_han-key 06_han-key 
stable v2020.2.x 06_han 06_han
stable v2020.2.x 07_erk-key 07_erk-key 
stable v2020.2.x 07_erk 07_erk
stable v2020.2.x 08_hlg-key 08_hlg-key 
stable v2020.2.x 08_hlg 08_hlg
stable v2020.2.x 09_lgf-key 09_lgf-key 
stable v2020.2.x 09_lgf 09_lgf
stable v2020.2.x 10_wlf-key 10_wlf-key 
stable v2020.2.x 10_wlf 10_wlf
stable v2020.2.x 11_lvr-key 11_lvr-key 
stable v2020.2.x 11_lvr 11_lvr
