#stable v2021.1.x 13_dusfl-key 13_dusfl-key 
#stable v2021.1.x 13_dusfl 13_dusfl
#stable v2021.1.x 12_dusuk-key 12_dusuk-key 
#stable v2021.1.x 12_dusuk 12_dusuk
#stable v2021.1.x 01_vel-key 01_vel-key 
#stable v2021.1.x 01_vel 01_vel
#stable v2021.1.x 02_met-key 02_met-key 
#stable v2021.1.x 02_met 02_met
#stable v2021.1.x 03_rat-key 03_rat-key 
#stable v2021.1.x 03_rat 03_rat
#stable v2021.1.x 04_hld-key 04_hld-key 
#stable v2021.1.x 04_hld 04_hld
#stable v2021.1.x 05_mon-key 05_mon-key 
stable v2021.1.x 05_mon 05_mon
stable v2021.1.x 06_han-key 06_han-key 
stable v2021.1.x 06_han 06_han
stable v2021.1.x 07_erk-key 07_erk-key 
stable v2021.1.x 07_erk 07_erk
stable v2021.1.x 08_hlg-key 08_hlg-key 
stable v2021.1.x 08_hlg 08_hlg
stable v2021.1.x 09_lgf-key 09_lgf-key 
stable v2021.1.x 09_lgf 09_lgf
stable v2021.1.x 10_wlf-key 10_wlf-key 
stable v2021.1.x 10_wlf 10_wlf
stable v2021.1.x 11_lvr-key 11_lvr-key 
stable v2021.1.x 11_lvr 11_lvr
stable v2021.1.x 14_bar-key 14_bar-key 
stable v2021.1.x 14_bar 14_bar
stable v2021.1.x 15_mrh-key 15_mrh-key 
stable v2021.1.x 15_mrh 15_mrh
stable v2021.1.x 16_gmb-key 16_gmb-key 
stable v2021.1.x 16_gmb 16_gmb
stable v2021.1.x 17_wip-key 17_wip-key 
stable v2021.1.x 17_wip 17_wip
stable v2021.1.x 18_nefuk-key 18_nefuk-key 
stable v2021.1.x 18_nefuk 18_nefuk
stable v2021.1.x 19_agi-key 19_agi-key 
stable v2021.1.x 19_agi 19_agi
stable v2021.1.x 20_grt-key 20_grt-key 
stable v2021.1.x 20_grt 20_grt
